
[21:02:43] [INFO] Starting ASR session 
[21:02:43] [INFO] Audio frames sent {"framesSent":1,"remainingBuffer":768}
[21:02:43] [INFO] Audio frames sent {"framesSent":2,"remainingBuffer":256}
[21:02:43] [INFO] ASR WebSocket Connected 
[21:02:44] [INFO] Audio frames sent {"framesSent":1,"remainingBuffer":1024}
[21:02:43] [INFO] Sending first frame {"business":{"language":"zh_cn","domain":"iat","accent":"mandarin","dwa":"wpgs","vad_eos":3000}}
[21:02:44] [INFO] Audio frames sent {"framesSent":1,"remainingBuffer":768}
[21:02:44] [INFO] Audio frames sent {"framesSent":2,"remainingBuffer":512}
[21:02:43] [INFO] Audio frames sent {"framesSent":1,"remainingBuffer":1024}
[21:02:44] [INFO] Audio frames sent {"framesSent":2,"remainingBuffer":0}
[21:02:43] [INFO] Audio frames sent {"framesSent":2,"remainingBuffer":512}
[21:02:44] [INFO] Audio frames sent {"framesSent":2,"remainingBuffer":256}
[21:02:43] [INFO] Audio frames sent {"framesSent":2,"remainingBuffer":0}
[21:02:44] [INFO] Audio frames sent {"framesSent":2,"remainingBuffer":512}
[21:02:44] [INFO] Audio frames sent {"framesSent":1,"remainingBuffer":1024}
[21:02:43] [INFO] Audio frames sent {"framesSent":1,"remainingBuffer":768}
[21:02:44] [INFO] Audio frames sent {"framesSent":2,"remainingBuffer":0}
[21:02:44] [INFO] Audio frames sent {"framesSent":2,"remainingBuffer":256}
[21:02:43] [INFO] Requesting microphone access 
[21:02:43] [INFO] Microphone access granted {"sampleRate":16000,"tracks":1}
[21:02:43] [INFO] ASR Auth URL generated {"url":"wss://iat-api.xfyun.cn/v2/iat?authorization=YXBpX2tleT0iYTQ0MWFhYWMyYWQzYWNiZDQ1NmQ3YTUxMzY4Yzc3ODciLCBhbGdvcml0aG09ImhtYWMtc2hhMjU2IiwgaGVhZGVycz0iaG9zdCBkYXRlIHJlcXVlc3QtbGluZSIsIHNpZ25hdHVyZT0icHFLK0YyUVNXRzJZTXhzQi94bzZ2YmVCVE1NektyaDhNSzFaanRvVGtZaz0i&date=Wed%2C%2017%20Dec%202025%2013%3A02%3A43%20GMT&host=iat-api.xfyun.cn"}
[21:02:43] [INFO] ASR Started {"previousInput":""}
[21:02:44] [INFO] Audio frames sent {"framesSent":1,"remainingBuffer":768}
[21:02:44] [INFO] Audio frames sent {"framesSent":2,"remainingBuffer":256}
[21:02:44] [INFO] Audio frames sent {"framesSent":1,"remainingBuffer":1024}
[21:02:44] [INFO] Audio frames sent {"framesSent":2,"remainingBuffer":512}
[21:02:44] [INFO] Audio frames sent {"framesSent":2,"remainingBuffer":0}
[21:02:44] [INFO] Audio frames sent {"framesSent":1,"remainingBuffer":768}
[21:02:44] [INFO] Audio frames sent {"framesSent":2,"remainingBuffer":256}
[21:02:45] [INFO] Audio frames sent {"framesSent":1,"remainingBuffer":1024}
[21:02:45] [INFO] Audio frames sent {"framesSent":2,"remainingBuffer":512}
[21:02:45] [INFO] Audio frames sent {"framesSent":2,"remainingBuffer":0}
[21:02:45] [DATA] ASR Text Received {"text":"啊","fullText":"啊","pgs":"apd","sn":1,"isFinal":false}
[21:02:45] [INFO] ASR Text Update {"text":"啊","isSubmitting":false}
[21:02:45] [INFO] Setting currentInput {"newValue":"啊","previousInput":""}
[21:02:45] [INFO] Audio frames sent {"framesSent":1,"remainingBuffer":768}
[21:02:45] [INFO] Audio frames sent {"framesSent":2,"remainingBuffer":256}
[21:02:45] [INFO] Audio frames sent {"framesSent":1,"remainingBuffer":1024}
[21:02:45] [DATA] ASR Text Received {"text":"好我","fullText":"好我","pgs":"rpl","sn":2,"rg":[1,1],"isFinal":false}
[21:02:45] [INFO] ASR Text Update {"text":"好我","isSubmitting":false}
[21:02:45] [INFO] Setting currentInput {"newValue":"好我","previousInput":""}
[21:02:45] [INFO] Audio frames sent {"framesSent":2,"remainingBuffer":512}
[21:02:45] [INFO] Audio frames sent {"framesSent":2,"remainingBuffer":0}
[21:02:45] [DATA] ASR Text Received {"text":"好我是","fullText":"好我是","pgs":"rpl","sn":3,"rg":[1,2],"isFinal":false}
[21:02:45] [INFO] ASR Text Update {"text":"好我是","isSubmitting":false}
[21:02:45] [INFO] Setting currentInput {"newValue":"好我是","previousInput":""}
[21:02:45] [INFO] Audio frames sent {"framesSent":1,"remainingBuffer":768}
[21:02:45] [INFO] Audio frames sent {"framesSent":2,"remainingBuffer":256}
[21:02:45] [INFO] Audio frames sent {"framesSent":1,"remainingBuffer":1024}
[21:02:45] [DATA] ASR Text Received {"text":"好我是方","fullText":"好我是方","pgs":"rpl","sn":4,"rg":[1,3],"isFinal":false}
[21:02:45] [INFO] ASR Text Update {"text":"好我是方","isSubmitting":false}
[21:02:45] [INFO] Setting currentInput {"newValue":"好我是方","previousInput":""}
[21:02:45] [INFO] Audio frames sent {"framesSent":2,"remainingBuffer":512}
[21:02:45] [INFO] Audio frames sent {"framesSent":2,"remainingBuffer":0}
[21:02:45] [DATA] ASR Text Received {"text":"好我是方旭","fullText":"好我是方旭","pgs":"rpl","sn":5,"rg":[1,4],"isFinal":false}
[21:02:45] [INFO] ASR Text Update {"text":"好我是方旭","isSubmitting":false}
[21:02:45] [INFO] Setting currentInput {"newValue":"好我是方旭","previousInput":""}
[21:02:45] [INFO] Audio frames sent {"framesSent":1,"remainingBuffer":768}
[21:02:45] [INFO] Audio frames sent {"framesSent":2,"remainingBuffer":256}
[21:02:45] [INFO] Audio frames sent {"framesSent":1,"remainingBuffer":1024}
[21:02:46] [INFO] Audio frames sent {"framesSent":2,"remainingBuffer":512}
[21:02:46] [INFO] Audio frames sent {"framesSent":2,"remainingBuffer":0}
[21:02:46] [INFO] Audio frames sent {"framesSent":1,"remainingBuffer":768}
[21:02:46] [INFO] Audio frames sent {"framesSent":2,"remainingBuffer":256}
[21:02:46] [INFO] Audio frames sent {"framesSent":1,"remainingBuffer":1024}
[21:02:46] [INFO] Audio frames sent {"framesSent":2,"remainingBuffer":512}
[21:02:46] [INFO] Audio frames sent {"framesSent":2,"remainingBuffer":0}
[21:02:46] [DATA] ASR Text Received {"text":"好我是方旭请","fullText":"好我是方旭请","pgs":"rpl","sn":6,"rg":[1,5],"isFinal":false}
[21:02:46] [INFO] ASR Text Update {"text":"好我是方旭请","isSubmitting":false}
[21:02:46] [INFO] Setting currentInput {"newValue":"好我是方旭请","previousInput":""}
[21:02:46] [INFO] Audio processing {"samples":450,"maxLevel":"0.1601","bufferSize":0,"sampleRate":16000}
[21:02:46] [INFO] Audio frames sent {"framesSent":1,"remainingBuffer":768}
[21:02:46] [INFO] Audio frames sent {"framesSent":2,"remainingBuffer":256}
[21:02:46] [DATA] ASR Text Received {"text":"好我是方旭请问","fullText":"好我是方旭请问","pgs":"rpl","sn":7,"rg":[1,6],"isFinal":false}
[21:02:46] [INFO] ASR Text Update {"text":"好我是方旭请问","isSubmitting":false}
[21:02:46] [INFO] Setting currentInput {"newValue":"好我是方旭请问","previousInput":""}
[21:02:46] [INFO] Audio frames sent {"framesSent":1,"remainingBuffer":1024}
[21:02:46] [INFO] Audio frames sent {"framesSent":2,"remainingBuffer":512}
[21:02:46] [INFO] Audio frames sent {"framesSent":2,"remainingBuffer":0}
[21:02:46] [INFO] Audio frames sent {"framesSent":1,"remainingBuffer":768}
[21:02:46] [INFO] Audio frames sent {"framesSent":2,"remainingBuffer":256}
[21:02:46] [INFO] Audio frames sent {"framesSent":1,"remainingBuffer":1024}
[21:02:46] [DATA] ASR Text Received {"text":"好我是方旭请问你","fullText":"好我是方旭请问你","pgs":"rpl","sn":8,"rg":[1,7],"isFinal":false}
[21:02:46] [INFO] ASR Text Update {"text":"好我是方旭请问你","isSubmitting":false}
[21:02:46] [INFO] Setting currentInput {"newValue":"好我是方旭请问你","previousInput":""}
[21:02:47] [INFO] Audio frames sent {"framesSent":2,"remainingBuffer":512}
[21:02:47] [INFO] Audio frames sent {"framesSent":2,"remainingBuffer":0}
[21:02:47] [DATA] ASR Text Received {"text":"好我是方旭请问你还","fullText":"好我是方旭请问你还","pgs":"rpl","sn":9,"rg":[1,8],"isFinal":false}
[21:02:47] [INFO] ASR Text Update {"text":"好我是方旭请问你还","isSubmitting":false}
[21:02:47] [INFO] Setting currentInput {"newValue":"好我是方旭请问你还","previousInput":""}
[21:02:47] [INFO] Audio frames sent {"framesSent":1,"remainingBuffer":768}
[21:02:47] [DATA] ASR Text Received {"text":"好我是方旭请问你还在","fullText":"好我是方旭请问你还在","pgs":"rpl","sn":10,"rg":[1,9],"isFinal":false}
[21:02:47] [INFO] ASR Text Update {"text":"好我是方旭请问你还在","isSubmitting":false}
[21:02:47] [INFO] Setting currentInput {"newValue":"好我是方旭请问你还在","previousInput":""}
[21:02:47] [INFO] Audio frames sent {"framesSent":2,"remainingBuffer":256}
[21:02:47] [INFO] Audio frames sent {"framesSent":1,"remainingBuffer":1024}
[21:02:47] [INFO] Audio frames sent {"framesSent":2,"remainingBuffer":512}
[21:02:47] [INFO] Audio frames sent {"framesSent":2,"remainingBuffer":0}
[21:02:47] [INFO] Audio frames sent {"framesSent":1,"remainingBuffer":768}
[21:02:47] [INFO] Audio frames sent {"framesSent":2,"remainingBuffer":256}
[21:02:47] [INFO] Audio frames sent {"framesSent":1,"remainingBuffer":1024}
[21:02:47] [INFO] Audio frames sent {"framesSent":2,"remainingBuffer":512}
[21:02:47] [INFO] Audio frames sent {"framesSent":2,"remainingBuffer":0}
[21:02:47] [INFO] Audio frames sent {"framesSent":1,"remainingBuffer":768}
[21:02:47] [INFO] Audio frames sent {"framesSent":2,"remainingBuffer":256}
[21:02:47] [INFO] Audio frames sent {"framesSent":1,"remainingBuffer":1024}
[21:02:47] [INFO] Audio frames sent {"framesSent":2,"remainingBuffer":512}
[21:02:48] [INFO] Audio frames sent {"framesSent":2,"remainingBuffer":0}
[21:02:48] [INFO] Audio frames sent {"framesSent":1,"remainingBuffer":768}
[21:02:48] [INFO] Audio frames sent {"framesSent":2,"remainingBuffer":256}
[21:02:48] [INFO] Audio frames sent {"framesSent":1,"remainingBuffer":1024}
[21:02:48] [INFO] Audio frames sent {"framesSent":2,"remainingBuffer":512}
[21:02:48] [INFO] Audio frames sent {"framesSent":2,"remainingBuffer":0}
[21:02:48] [INFO] Audio frames sent {"framesSent":1,"remainingBuffer":768}
[21:02:48] [INFO] Audio frames sent {"framesSent":2,"remainingBuffer":256}
[21:02:48] [INFO] Audio frames sent {"framesSent":1,"remainingBuffer":1024}
[21:02:48] [INFO] Audio frames sent {"framesSent":2,"remainingBuffer":512}
[21:02:48] [INFO] Audio frames sent {"framesSent":2,"remainingBuffer":0}
[21:02:48] [INFO] Audio frames sent {"framesSent":1,"remainingBuffer":768}
[21:02:48] [INFO] Audio frames sent {"framesSent":2,"remainingBuffer":256}
[21:02:48] [INFO] Audio frames sent {"framesSent":1,"remainingBuffer":1024}
[21:02:48] [INFO] Audio frames sent {"framesSent":2,"remainingBuffer":512}
[21:02:48] [INFO] Audio frames sent {"framesSent":2,"remainingBuffer":0}
[21:02:49] [INFO] Audio frames sent {"framesSent":1,"remainingBuffer":768}
[21:02:49] [INFO] Audio frames sent {"framesSent":2,"remainingBuffer":256}
[21:02:49] [INFO] Audio frames sent {"framesSent":1,"remainingBuffer":1024}
[21:02:49] [INFO] Audio frames sent {"framesSent":2,"remainingBuffer":512}
[21:02:49] [INFO] Audio frames sent {"framesSent":2,"remainingBuffer":0}
[21:02:49] [INFO] Audio frames sent {"framesSent":1,"remainingBuffer":768}
[21:02:49] [INFO] Audio frames sent {"framesSent":2,"remainingBuffer":256}
[21:02:49] [INFO] Audio frames sent {"framesSent":1,"remainingBuffer":1024}
[21:02:49] [INFO] Audio frames sent {"framesSent":2,"remainingBuffer":512}
[21:02:49] [INFO] Audio frames sent {"framesSent":2,"remainingBuffer":0}
[21:02:49] [DATA] ASR Text Received {"text":"好，我是方旭，请问你还在吗","fullText":"好，我是方旭，请问你还在吗","pgs":"rpl","sn":11,"rg":[1,10],"isFinal":false}
[21:02:49] [INFO] ASR Text Update {"text":"好，我是方旭，请问你还在吗","isSubmitting":false}
[21:02:49] [INFO] Setting currentInput {"newValue":"好，我是方旭，请问你还在吗","previousInput":""}
[21:02:49] [INFO] Audio processing {"samples":500,"maxLevel":"0.0459","bufferSize":0,"sampleRate":16000}
[21:02:49] [INFO] Audio frames sent {"framesSent":1,"remainingBuffer":768}
[21:02:49] [INFO] Audio frames sent {"framesSent":2,"remainingBuffer":256}
[21:02:49] [INFO] Audio frames sent {"framesSent":1,"remainingBuffer":1024}
[21:02:49] [INFO] Audio frames sent {"framesSent":2,"remainingBuffer":512}
[21:02:49] [INFO] Audio frames sent {"framesSent":2,"remainingBuffer":0}
[21:02:49] [DATA] ASR Text Received {"text":"？","fullText":"好，我是方旭，请问你还在吗？","pgs":"apd","sn":12,"isFinal":true}
[21:02:49] [INFO] ASR Text Update {"text":"好，我是方旭，请问你还在吗？","isSubmitting":false}
[21:02:49] [INFO] Setting currentInput {"newValue":"好，我是方旭，请问你还在吗？","previousInput":""}
[21:02:50] [INFO] Audio frames sent {"framesSent":1,"remainingBuffer":768}
[21:02:50] [INFO] Audio frames sent {"framesSent":2,"remainingBuffer":256}
[21:02:50] [INFO] Audio frames sent {"framesSent":1,"remainingBuffer":1024}
[21:02:50] [INFO] Audio frames sent {"framesSent":2,"remainingBuffer":512}
[21:02:50] [INFO] Audio frames sent {"framesSent":2,"remainingBuffer":0}
[21:02:50] [INFO] Audio frames sent {"framesSent":1,"remainingBuffer":768}
[21:02:50] [INFO] Audio frames sent {"framesSent":2,"remainingBuffer":256}
[21:02:50] [INFO] Audio frames sent {"framesSent":1,"remainingBuffer":1024}
[21:02:50] [INFO] Audio frames sent {"framesSent":2,"remainingBuffer":512}
[21:02:50] [INFO] Audio frames sent {"framesSent":2,"remainingBuffer":0}
[21:02:50] [INFO] Audio frames sent {"framesSent":1,"remainingBuffer":768}
[21:02:50] [INFO] Audio frames sent {"framesSent":2,"remainingBuffer":256}
[21:02:50] [INFO] Audio frames sent {"framesSent":1,"remainingBuffer":1024}
[21:02:50] [INFO] Audio frames sent {"framesSent":2,"remainingBuffer":512}
[21:02:50] [INFO] Audio frames sent {"framesSent":2,"remainingBuffer":0}
[21:02:50] [INFO] Audio frames sent {"framesSent":1,"remainingBuffer":768}
[21:02:51] [INFO] Audio frames sent {"framesSent":2,"remainingBuffer":256}
[21:02:51] [INFO] Audio frames sent {"framesSent":1,"remainingBuffer":1024}
[21:02:51] [INFO] Audio frames sent {"framesSent":2,"remainingBuffer":512}
[21:02:51] [INFO] Audio frames sent {"framesSent":2,"remainingBuffer":0}
[21:02:51] [INFO] Audio frames sent {"framesSent":1,"remainingBuffer":768}
[21:02:51] [INFO] Audio frames sent {"framesSent":2,"remainingBuffer":256}
[21:02:51] [INFO] Audio frames sent {"framesSent":1,"remainingBuffer":1024}
[21:02:51] [INFO] Audio frames sent {"framesSent":2,"remainingBuffer":512}
[21:02:51] [INFO] Audio frames sent {"framesSent":2,"remainingBuffer":0}
[21:02:51] [INFO] Audio frames sent {"framesSent":1,"remainingBuffer":768}
[21:02:51] [INFO] Audio frames sent {"framesSent":2,"remainingBuffer":256}
[21:02:51] [INFO] Audio frames sent {"framesSent":1,"remainingBuffer":1024}
[21:02:51] [INFO] Audio frames sent {"framesSent":2,"remainingBuffer":512}
[21:02:51] [INFO] Audio frames sent {"framesSent":2,"remainingBuffer":0}
[21:02:51] [INFO] Audio frames sent {"framesSent":1,"remainingBuffer":768}
[21:02:52] [INFO] Audio frames sent {"framesSent":2,"remainingBuffer":256}
[21:02:52] [INFO] Audio frames sent {"framesSent":1,"remainingBuffer":1024}
[21:02:52] [INFO] Audio frames sent {"framesSent":2,"remainingBuffer":512}
[21:02:52] [INFO] Audio frames sent {"framesSent":2,"remainingBuffer":0}
[21:02:52] [INFO] Audio frames sent {"framesSent":1,"remainingBuffer":768}
[21:02:52] [INFO] Audio frames sent {"framesSent":2,"remainingBuffer":256}
[21:02:52] [INFO] Audio frames sent {"framesSent":1,"remainingBuffer":1024}
[21:02:52] [INFO] Audio frames sent {"framesSent":2,"remainingBuffer":512}
[21:02:52] [INFO] Audio frames sent {"framesSent":2,"remainingBuffer":0}
[21:02:52] [INFO] Audio frames sent {"framesSent":1,"remainingBuffer":768}
[21:02:52] [INFO] Audio frames sent {"framesSent":2,"remainingBuffer":256}
[21:02:52] [INFO] Audio frames sent {"framesSent":1,"remainingBuffer":1024}
[21:02:52] [INFO] Audio frames sent {"framesSent":2,"remainingBuffer":512}
[21:02:52] [INFO] Audio frames sent {"framesSent":2,"remainingBuffer":0}
[21:02:52] [INFO] Audio processing {"samples":550,"maxLevel":"0.0011","bufferSize":0,"sampleRate":16000}
[21:02:52] [INFO] Audio frames sent {"framesSent":1,"remainingBuffer":768}
[21:02:52] [INFO] Audio frames sent {"framesSent":2,"remainingBuffer":256}
[21:02:53] [INFO] Audio frames sent {"framesSent":1,"remainingBuffer":1024}
[21:02:53] [INFO] Audio frames sent {"framesSent":2,"remainingBuffer":512}
[21:02:53] [INFO] Audio frames sent {"framesSent":2,"remainingBuffer":0}
[21:02:53] [INFO] Audio frames sent {"framesSent":1,"remainingBuffer":768}
[21:02:53] [INFO] Audio frames sent {"framesSent":2,"remainingBuffer":256}
[21:02:53] [INFO] Audio frames sent {"framesSent":1,"remainingBuffer":1024}
[21:02:53] [INFO] Audio frames sent {"framesSent":2,"remainingBuffer":512}
[21:02:53] [INFO] Audio frames sent {"framesSent":2,"remainingBuffer":0}
[21:02:53] [INFO] Audio frames sent {"framesSent":1,"remainingBuffer":768}
[21:02:53] [INFO] Audio frames sent {"framesSent":2,"remainingBuffer":256}
[21:02:53] [INFO] Audio frames sent {"framesSent":1,"remainingBuffer":1024}
[21:02:53] [INFO] Audio frames sent {"framesSent":2,"remainingBuffer":512}
[21:02:53] [INFO] Audio frames sent {"framesSent":2,"remainingBuffer":0}
[21:02:53] [INFO] Audio frames sent {"framesSent":1,"remainingBuffer":768}
[21:02:53] [INFO] Audio frames sent {"framesSent":2,"remainingBuffer":256}
[21:02:53] [INFO] Audio frames sent {"framesSent":1,"remainingBuffer":1024}
[21:02:54] [INFO] Audio frames sent {"framesSent":2,"remainingBuffer":512}
[21:02:54] [INFO] Audio frames sent {"framesSent":2,"remainingBuffer":0}
[21:02:54] [INFO] Audio frames sent {"framesSent":1,"remainingBuffer":768}
[21:02:54] [INFO] Audio frames sent {"framesSent":2,"remainingBuffer":256}
[21:02:54] [INFO] Audio frames sent {"framesSent":1,"remainingBuffer":1024}
[21:02:54] [INFO] Audio frames sent {"framesSent":2,"remainingBuffer":512}
[21:02:54] [INFO] Audio frames sent {"framesSent":2,"remainingBuffer":0}
[21:02:54] [INFO] Audio frames sent {"framesSent":1,"remainingBuffer":768}
[21:02:54] [INFO] Audio frames sent {"framesSent":2,"remainingBuffer":256}
[21:02:54] [INFO] Audio frames sent {"framesSent":1,"remainingBuffer":1024}
[21:02:54] [INFO] Audio frames sent {"framesSent":2,"remainingBuffer":512}
[21:02:54] [INFO] Audio frames sent {"framesSent":2,"remainingBuffer":0}
[21:02:54] [INFO] Audio frames sent {"framesSent":1,"remainingBuffer":768}
[21:02:54] [INFO] Audio frames sent {"framesSent":2,"remainingBuffer":256}
[21:02:54] [INFO] Audio frames sent {"framesSent":1,"remainingBuffer":1024}
[21:02:55] [INFO] Audio frames sent {"framesSent":2,"remainingBuffer":512}
[21:02:55] [ERROR] ASR Error Response {"code":10165,"message":"invalid handle","sid":"iat000d1580@gz19b2c678b9a46f9802"}
[21:02:55] [INFO] Audio frames sent {"framesSent":2,"remainingBuffer":0}
[21:02:55] [INFO] Audio frames sent {"framesSent":1,"remainingBuffer":768}
[21:02:55] [INFO] Audio frames sent {"framesSent":2,"remainingBuffer":256}
[21:02:55] [INFO] Audio frames sent {"framesSent":1,"remainingBuffer":1024}
[21:02:55] [INFO] Audio frames sent {"framesSent":2,"remainingBuffer":512}
[21:02:55] [INFO] Audio frames sent {"framesSent":2,"remainingBuffer":0}
[21:02:55] [INFO] Audio frames sent {"framesSent":1,"remainingBuffer":768}
[21:02:55] [INFO] Audio frames sent {"framesSent":2,"remainingBuffer":256}
[21:02:55] [INFO] Audio frames sent {"framesSent":1,"remainingBuffer":1024}
[21:02:55] [INFO] Audio frames sent {"framesSent":2,"remainingBuffer":512}
[21:02:55] [INFO] Audio frames sent {"framesSent":2,"remainingBuffer":0}
[21:02:55] [INFO] Audio frames sent {"framesSent":1,"remainingBuffer":768}
[21:02:55] [INFO] Audio frames sent {"framesSent":2,"remainingBuffer":256}
[21:02:55] [INFO] Audio frames sent {"framesSent":1,"remainingBuffer":1024}
[21:02:55] [INFO] Audio frames sent {"framesSent":2,"remainingBuffer":512}
[21:02:55] [INFO] ASR WebSocket Closed {"code":1000,"reason":"Websocket closed!,sid=iat000dfe07@gz19b2c675f1846f9802!reason=server read msg timeout"}
[21:02:55] [INFO] ASR Stopped 
[21:04:01] [INFO] Starting ASR session 
[21:04:01] [INFO] ASR Auth URL generated {"url":"wss://iat-api.xfyun.cn/v2/iat?authorization=YXBpX2tleT0iYTQ0MWFhYWMyYWQzYWNiZDQ1NmQ3YTUxMzY4Yzc3ODciLCBhbGdvcml0aG09ImhtYWMtc2hhMjU2IiwgaGVhZGVycz0iaG9zdCBkYXRlIHJlcXVlc3QtbGluZSIsIHNpZ25hdHVyZT0iVjdIRm1wZG5GODgrQ2hIZDFRNTg2Mm81ZDRHMi9GNGtLQUJGNHhsSXZWOD0i&date=Wed%2C%2017%20Dec%202025%2013%3A04%3A01%20GMT&host=iat-api.xfyun.cn"}
[21:04:01] [INFO] ASR WebSocket Connected 
[21:04:01] [INFO] Requesting microphone access 
[21:04:01] [INFO] ASR Started {"previousInput":""}
[21:04:01] [INFO] Microphone access granted {"sampleRate":16000,"tracks":1}
[21:04:01] [INFO] Sending first frame {"business":{"language":"zh_cn","domain":"iat","accent":"mandarin","dwa":"wpgs","vad_eos":10000}}
[21:04:01] [INFO] Audio frames sent {"framesSent":1,"remainingBuffer":768}
[21:04:01] [INFO] Audio frames sent {"framesSent":2,"remainingBuffer":256}
[21:04:01] [INFO] Audio frames sent {"framesSent":1,"remainingBuffer":1024}
[21:04:02] [INFO] Audio frames sent {"framesSent":2,"remainingBuffer":512}
[21:04:02] [INFO] Audio frames sent {"framesSent":2,"remainingBuffer":0}
[21:04:02] [INFO] Audio frames sent {"framesSent":1,"remainingBuffer":768}
[21:04:02] [INFO] Audio frames sent {"framesSent":2,"remainingBuffer":256}
[21:04:02] [INFO] Audio frames sent {"framesSent":1,"remainingBuffer":1024}
[21:04:02] [INFO] Audio frames sent {"framesSent":2,"remainingBuffer":512}
[21:04:02] [INFO] Audio frames sent {"framesSent":2,"remainingBuffer":0}
[21:04:02] [INFO] Audio frames sent {"framesSent":1,"remainingBuffer":768}
[21:04:02] [INFO] Audio frames sent {"framesSent":2,"remainingBuffer":256}
[21:04:02] [INFO] Audio frames sent {"framesSent":1,"remainingBuffer":1024}
[21:04:02] [INFO] Audio frames sent {"framesSent":2,"remainingBuffer":512}
[21:04:02] [INFO] Audio frames sent {"framesSent":2,"remainingBuffer":0}
[21:04:02] [INFO] Audio frames sent {"framesSent":1,"remainingBuffer":768}
[21:04:02] [INFO] Audio frames sent {"framesSent":2,"remainingBuffer":256}
[21:04:02] [INFO] Audio frames sent {"framesSent":1,"remainingBuffer":1024}
[21:04:03] [INFO] Audio frames sent {"framesSent":2,"remainingBuffer":512}
[21:04:03] [INFO] Audio frames sent {"framesSent":2,"remainingBuffer":0}
[21:04:03] [INFO] Audio frames sent {"framesSent":1,"remainingBuffer":768}
[21:04:03] [INFO] Audio frames sent {"framesSent":2,"remainingBuffer":256}
[21:04:03] [INFO] Audio frames sent {"framesSent":1,"remainingBuffer":1024}
[21:04:03] [INFO] Audio frames sent {"framesSent":2,"remainingBuffer":512}
[21:04:03] [INFO] Audio frames sent {"framesSent":2,"remainingBuffer":0}
[21:04:03] [INFO] Audio frames sent {"framesSent":1,"remainingBuffer":768}
[21:04:03] [INFO] Audio frames sent {"framesSent":2,"remainingBuffer":256}
[21:04:03] [INFO] Audio frames sent {"framesSent":1,"remainingBuffer":1024}
[21:04:03] [INFO] Audio frames sent {"framesSent":2,"remainingBuffer":512}
[21:04:03] [INFO] Audio frames sent {"framesSent":2,"remainingBuffer":0}
[21:04:03] [INFO] Audio frames sent {"framesSent":1,"remainingBuffer":768}
[21:04:03] [INFO] Audio frames sent {"framesSent":2,"remainingBuffer":256}
[21:04:03] [DATA] ASR Text Received {"text":" An","fullText":" An","pgs":"apd","sn":1,"isFinal":false}
[21:04:03] [INFO] ASR Text Update {"text":" An","isSubmitting":false}
[21:04:03] [INFO] Setting currentInput {"newValue":" An","previousInput":""}
[21:04:03] [INFO] Audio frames sent {"framesSent":1,"remainingBuffer":1024}
[21:04:03] [INFO] Audio frames sent {"framesSent":2,"remainingBuffer":512}
[21:04:04] [INFO] Audio frames sent {"framesSent":2,"remainingBuffer":0}
[21:04:04] [INFO] Audio frames sent {"framesSent":1,"remainingBuffer":768}
[21:04:04] [INFO] Audio frames sent {"framesSent":2,"remainingBuffer":256}
[21:04:04] [INFO] Audio frames sent {"framesSent":1,"remainingBuffer":1024}
[21:04:04] [INFO] Audio frames sent {"framesSent":2,"remainingBuffer":512}
[21:04:04] [INFO] Audio frames sent {"framesSent":2,"remainingBuffer":0}
[21:04:04] [INFO] Audio frames sent {"framesSent":1,"remainingBuffer":768}
[21:04:04] [INFO] Audio frames sent {"framesSent":2,"remainingBuffer":256}
[21:04:04] [INFO] Audio frames sent {"framesSent":1,"remainingBuffer":1024}
[21:04:04] [INFO] Audio frames sent {"framesSent":2,"remainingBuffer":512}
[21:04:04] [INFO] Audio frames sent {"framesSent":2,"remainingBuffer":0}
[21:04:04] [DATA] ASR Text Received {"text":" Ancient wor","fullText":" Ancient wor","pgs":"rpl","sn":2,"rg":[1,1],"isFinal":false}
[21:04:04] [INFO] ASR Text Update {"text":" Ancient wor","isSubmitting":false}
[21:04:04] [INFO] Setting currentInput {"newValue":" Ancient wor","previousInput":""}
[21:04:04] [INFO] Audio frames sent {"framesSent":1,"remainingBuffer":768}
[21:04:04] [INFO] Audio frames sent {"framesSent":2,"remainingBuffer":256}
[21:04:04] [DATA] ASR Text Received {"text":" Ancient worker","fullText":" Ancient worker","pgs":"rpl","sn":3,"rg":[1,2],"isFinal":false}
[21:04:04] [INFO] ASR Text Update {"text":" Ancient worker","isSubmitting":false}
[21:04:04] [INFO] Setting currentInput {"newValue":" Ancient worker","previousInput":""}
[21:04:04] [INFO] Audio frames sent {"framesSent":1,"remainingBuffer":1024}
[21:04:04] [INFO] Audio frames sent {"framesSent":2,"remainingBuffer":512}
[21:04:04] [INFO] Audio processing {"samples":50,"maxLevel":"0.1334","bufferSize":512,"sampleRate":16000}
[21:04:04] [DATA] ASR Text Received {"text":" Ancient when casi","fullText":" Ancient when casi","pgs":"rpl","sn":4,"rg":[1,3],"isFinal":false}
[21:04:04] [INFO] ASR Text Update {"text":" Ancient when casi","isSubmitting":false}
[21:04:04] [INFO] Setting currentInput {"newValue":" Ancient when casi","previousInput":""}
[21:04:04] [INFO] Audio frames sent {"framesSent":2,"remainingBuffer":0}
[21:04:05] [INFO] Audio frames sent {"framesSent":1,"remainingBuffer":768}
[21:04:05] [INFO] Audio frames sent {"framesSent":2,"remainingBuffer":256}
[21:04:05] [DATA] ASR Text Received {"text":" Ancient when casino","fullText":" Ancient when casino","pgs":"rpl","sn":5,"rg":[1,4],"isFinal":false}
[21:04:05] [INFO] ASR Text Update {"text":" Ancient when casino","isSubmitting":false}
[21:04:05] [INFO] Setting currentInput {"newValue":" Ancient when casino","previousInput":""}
[21:04:05] [INFO] Audio frames sent {"framesSent":1,"remainingBuffer":1024}
[21:04:05] [INFO] Audio frames sent {"framesSent":2,"remainingBuffer":512}
[21:04:05] [INFO] Audio frames sent {"framesSent":2,"remainingBuffer":0}
[21:04:05] [INFO] Audio frames sent {"framesSent":1,"remainingBuffer":768}
[21:04:05] [INFO] Audio frames sent {"framesSent":2,"remainingBuffer":256}
[21:04:05] [DATA] ASR Text Received {"text":" Ancient when casinos","fullText":" Ancient when casinos","pgs":"rpl","sn":6,"rg":[1,5],"isFinal":false}
[21:04:05] [INFO] ASR Text Update {"text":" Ancient when casinos","isSubmitting":false}
[21:04:05] [INFO] Setting currentInput {"newValue":" Ancient when casinos","previousInput":""}
[21:04:05] [INFO] Audio frames sent {"framesSent":1,"remainingBuffer":1024}
[21:04:05] [INFO] Audio frames sent {"framesSent":2,"remainingBuffer":512}
[21:04:05] [INFO] Audio frames sent {"framesSent":2,"remainingBuffer":0}
[21:04:05] [INFO] Audio frames sent {"framesSent":1,"remainingBuffer":768}
[21:04:05] [INFO] Audio frames sent {"framesSent":2,"remainingBuffer":256}
[21:04:05] [DATA] ASR Text Received {"text":" Ancient when casinos are you","fullText":" Ancient when casinos are you","pgs":"rpl","sn":7,"rg":[1,6],"isFinal":false}
[21:04:05] [INFO] ASR Text Update {"text":" Ancient when casinos are you","isSubmitting":false}
[21:04:05] [INFO] Setting currentInput {"newValue":" Ancient when casinos are you","previousInput":""}
[21:04:05] [INFO] Audio frames sent {"framesSent":1,"remainingBuffer":1024}
[21:04:05] [INFO] Audio frames sent {"framesSent":2,"remainingBuffer":512}
[21:04:05] [INFO] Audio frames sent {"framesSent":2,"remainingBuffer":0}
[21:04:06] [INFO] Audio frames sent {"framesSent":1,"remainingBuffer":768}
[21:04:06] [INFO] Audio frames sent {"framesSent":2,"remainingBuffer":256}
[21:04:06] [DATA] ASR Text Received {"text":" Ancient when casinos are you can","fullText":" Ancient when casinos are you can","pgs":"rpl","sn":8,"rg":[1,7],"isFinal":false}
[21:04:06] [INFO] ASR Text Update {"text":" Ancient when casinos are you can","isSubmitting":false}
[21:04:06] [INFO] Setting currentInput {"newValue":" Ancient when casinos are you can","previousInput":""}
[21:04:06] [INFO] Audio frames sent {"framesSent":1,"remainingBuffer":1024}
[21:04:06] [INFO] Audio frames sent {"framesSent":2,"remainingBuffer":512}
[21:04:06] [INFO] Audio frames sent {"framesSent":2,"remainingBuffer":0}
[21:04:06] [INFO] Audio frames sent {"framesSent":1,"remainingBuffer":768}
[21:04:06] [INFO] Audio frames sent {"framesSent":2,"remainingBuffer":256}
[21:04:06] [INFO] Audio frames sent {"framesSent":1,"remainingBuffer":1024}
[21:04:06] [INFO] Audio frames sent {"framesSent":2,"remainingBuffer":512}
[21:04:06] [INFO] Audio frames sent {"framesSent":2,"remainingBuffer":0}
[21:04:06] [INFO] Audio frames sent {"framesSent":1,"remainingBuffer":768}
[21:04:06] [INFO] Audio frames sent {"framesSent":2,"remainingBuffer":256}
[21:04:06] [INFO] Audio frames sent {"framesSent":1,"remainingBuffer":1024}
[21:04:06] [INFO] Audio frames sent {"framesSent":2,"remainingBuffer":512}
[21:04:06] [INFO] Audio frames sent {"framesSent":2,"remainingBuffer":0}
[21:04:06] [INFO] Audio frames sent {"framesSent":1,"remainingBuffer":768}
[21:04:07] [INFO] Audio frames sent {"framesSent":2,"remainingBuffer":256}
[21:04:07] [INFO] Audio frames sent {"framesSent":1,"remainingBuffer":1024}
[21:04:07] [INFO] Audio frames sent {"framesSent":2,"remainingBuffer":512}
[21:04:07] [INFO] Audio frames sent {"framesSent":2,"remainingBuffer":0}
[21:04:07] [INFO] Audio frames sent {"framesSent":1,"remainingBuffer":768}
[21:04:07] [INFO] Audio frames sent {"framesSent":2,"remainingBuffer":256}
[21:04:07] [INFO] Audio frames sent {"framesSent":1,"remainingBuffer":1024}
[21:04:07] [DATA] ASR Text Received {"text":" Dash you won't guessing as are you can call","fullText":" Dash you won't guessing as are you can call","pgs":"rpl","sn":9,"rg":[1,8],"isFinal":false}
[21:04:07] [INFO] ASR Text Update {"text":" Dash you won't guessing as are you can call","isSubmitting":false}
[21:04:07] [INFO] Setting currentInput {"newValue":" Dash you won't guessing as are you can call","previousInput":""}
[21:04:07] [INFO] Audio frames sent {"framesSent":2,"remainingBuffer":512}
[21:04:07] [INFO] Audio frames sent {"framesSent":2,"remainingBuffer":0}
[21:04:07] [INFO] Audio frames sent {"framesSent":1,"remainingBuffer":768}
[21:04:07] [INFO] Audio frames sent {"framesSent":2,"remainingBuffer":256}
[21:04:07] [INFO] Audio frames sent {"framesSent":1,"remainingBuffer":1024}
[21:04:07] [INFO] Audio frames sent {"framesSent":2,"remainingBuffer":512}
[21:04:07] [INFO] Audio frames sent {"framesSent":2,"remainingBuffer":0}
[21:04:07] [INFO] Audio frames sent {"framesSent":1,"remainingBuffer":768}
[21:04:07] [INFO] Audio frames sent {"framesSent":2,"remainingBuffer":256}
[21:04:08] [INFO] Audio frames sent {"framesSent":1,"remainingBuffer":1024}
[21:04:08] [INFO] Audio frames sent {"framesSent":2,"remainingBuffer":512}
[21:04:08] [INFO] Audio processing {"samples":100,"maxLevel":"0.0016","bufferSize":512,"sampleRate":16000}
[21:04:08] [INFO] Audio frames sent {"framesSent":2,"remainingBuffer":0}
[21:04:08] [INFO] Audio frames sent {"framesSent":1,"remainingBuffer":768}
[21:04:08] [INFO] Audio frames sent {"framesSent":2,"remainingBuffer":256}
[21:04:08] [INFO] Audio frames sent {"framesSent":1,"remainingBuffer":1024}
[21:04:08] [INFO] Audio frames sent {"framesSent":2,"remainingBuffer":512}
[21:04:08] [INFO] Audio frames sent {"framesSent":2,"remainingBuffer":0}
[21:04:08] [INFO] Audio frames sent {"framesSent":1,"remainingBuffer":768}
[21:04:08] [INFO] Audio frames sent {"framesSent":2,"remainingBuffer":256}
[21:04:08] [INFO] Audio frames sent {"framesSent":1,"remainingBuffer":1024}
[21:04:11] [INFO] ASR WebSocket Closed {"code":1005,"reason":""}
[21:04:22] [INFO] Starting ASR session 
[21:04:22] [INFO] ASR Auth URL generated {"url":"wss://iat-api.xfyun.cn/v2/iat?authorization=YXBpX2tleT0iYTQ0MWFhYWMyYWQzYWNiZDQ1NmQ3YTUxMzY4Yzc3ODciLCBhbGdvcml0aG09ImhtYWMtc2hhMjU2IiwgaGVhZGVycz0iaG9zdCBkYXRlIHJlcXVlc3QtbGluZSIsIHNpZ25hdHVyZT0iemVrRXEzdFR6RWdudEd4YWc1a3c5N25OSnJFRTZsdzZTRFl0TGp2STZndz0i&date=Wed%2C%2017%20Dec%202025%2013%3A04%3A22%20GMT&host=iat-api.xfyun.cn"}
[21:04:22] [INFO] ASR WebSocket Connected 
[21:04:22] [INFO] Requesting microphone access 
[21:04:22] [INFO] ASR Started {"previousInput":""}
[21:04:22] [INFO] Microphone access granted {"sampleRate":16000,"tracks":1}
[21:04:22] [INFO] Sending first frame {"business":{"language":"zh_cn","domain":"iat","accent":"mandarin","dwa":"wpgs","vad_eos":10000}}
[21:04:22] [INFO] Audio frames sent {"framesSent":1,"remainingBuffer":768}
[21:04:22] [INFO] Audio frames sent {"framesSent":2,"remainingBuffer":256}
[21:04:22] [INFO] Audio frames sent {"framesSent":1,"remainingBuffer":1024}
[21:04:23] [INFO] Audio frames sent {"framesSent":2,"remainingBuffer":512}
[21:04:23] [INFO] Audio frames sent {"framesSent":2,"remainingBuffer":0}
[21:04:23] [INFO] Audio frames sent {"framesSent":1,"remainingBuffer":768}
[21:04:23] [INFO] Audio frames sent {"framesSent":2,"remainingBuffer":256}
[21:04:23] [INFO] Audio frames sent {"framesSent":1,"remainingBuffer":1024}
[21:04:23] [INFO] Audio frames sent {"framesSent":2,"remainingBuffer":512}
[21:04:23] [INFO] Audio frames sent {"framesSent":2,"remainingBuffer":0}
[21:04:23] [INFO] Audio frames sent {"framesSent":1,"remainingBuffer":768}
[21:04:23] [INFO] Audio frames sent {"framesSent":2,"remainingBuffer":256}
[21:04:23] [INFO] Audio frames sent {"framesSent":1,"remainingBuffer":1024}
[21:04:23] [INFO] Audio frames sent {"framesSent":2,"remainingBuffer":512}
[21:04:23] [INFO] Audio frames sent {"framesSent":2,"remainingBuffer":0}
[21:04:23] [INFO] Audio frames sent {"framesSent":1,"remainingBuffer":768}
[21:04:23] [INFO] Audio frames sent {"framesSent":2,"remainingBuffer":256}
[21:04:23] [INFO] Audio frames sent {"framesSent":1,"remainingBuffer":1024}
[21:04:24] [INFO] Audio frames sent {"framesSent":2,"remainingBuffer":512}
[21:04:24] [INFO] Audio frames sent {"framesSent":2,"remainingBuffer":0}
[21:04:24] [INFO] Audio frames sent {"framesSent":1,"remainingBuffer":768}
[21:04:24] [INFO] Audio frames sent {"framesSent":2,"remainingBuffer":256}
[21:04:24] [INFO] Audio frames sent {"framesSent":1,"remainingBuffer":1024}
[21:04:24] [INFO] Audio frames sent {"framesSent":2,"remainingBuffer":512}
[21:04:24] [DATA] ASR Text Received {"text":"你","fullText":"你","pgs":"apd","sn":1,"isFinal":false}
[21:04:24] [INFO] ASR Text Update {"text":"你","isSubmitting":false}
[21:04:24] [INFO] Setting currentInput {"newValue":"你","previousInput":""}
[21:04:24] [INFO] Audio frames sent {"framesSent":2,"remainingBuffer":0}
[21:04:24] [INFO] Audio frames sent {"framesSent":1,"remainingBuffer":768}
[21:04:24] [DATA] ASR Text Received {"text":"你好","fullText":"你好","pgs":"rpl","sn":2,"rg":[1,1],"isFinal":false}
[21:04:24] [INFO] ASR Text Update {"text":"你好","isSubmitting":false}
[21:04:24] [INFO] Setting currentInput {"newValue":"你好","previousInput":""}
[21:04:24] [INFO] Audio frames sent {"framesSent":2,"remainingBuffer":256}
[21:04:24] [INFO] Audio frames sent {"framesSent":1,"remainingBuffer":1024}
[21:04:24] [INFO] Audio frames sent {"framesSent":2,"remainingBuffer":512}
[21:04:24] [INFO] Audio frames sent {"framesSent":2,"remainingBuffer":0}
[21:04:24] [INFO] Audio frames sent {"framesSent":1,"remainingBuffer":768}
[21:04:24] [DATA] ASR Text Received {"text":"你好我","fullText":"你好我","pgs":"rpl","sn":3,"rg":[1,2],"isFinal":false}
[21:04:24] [INFO] ASR Text Update {"text":"你好我","isSubmitting":false}
[21:04:24] [INFO] Setting currentInput {"newValue":"你好我","previousInput":""}
[21:04:24] [INFO] Audio frames sent {"framesSent":2,"remainingBuffer":256}
[21:04:24] [INFO] Audio frames sent {"framesSent":1,"remainingBuffer":1024}
[21:04:24] [INFO] Audio frames sent {"framesSent":2,"remainingBuffer":512}
[21:04:25] [DATA] ASR Text Received {"text":"你好我是","fullText":"你好我是","pgs":"rpl","sn":4,"rg":[1,3],"isFinal":false}
[21:04:25] [INFO] ASR Text Update {"text":"你好我是","isSubmitting":false}
[21:04:25] [INFO] Setting currentInput {"newValue":"你好我是","previousInput":""}
[21:04:25] [INFO] Audio frames sent {"framesSent":2,"remainingBuffer":0}
[21:04:25] [INFO] Audio frames sent {"framesSent":1,"remainingBuffer":768}
[21:04:25] [INFO] Audio frames sent {"framesSent":2,"remainingBuffer":256}
[21:04:25] [INFO] Audio frames sent {"framesSent":1,"remainingBuffer":1024}
[21:04:25] [INFO] Audio frames sent {"framesSent":2,"remainingBuffer":512}
[21:04:25] [DATA] ASR Text Received {"text":"你好我是方","fullText":"你好我是方","pgs":"rpl","sn":5,"rg":[1,4],"isFinal":false}
[21:04:25] [INFO] ASR Text Update {"text":"你好我是方","isSubmitting":false}
[21:04:25] [INFO] Setting currentInput {"newValue":"你好我是方","previousInput":""}
[21:04:25] [INFO] Audio frames sent {"framesSent":2,"remainingBuffer":0}
[21:04:25] [INFO] Audio frames sent {"framesSent":1,"remainingBuffer":768}
[21:04:25] [DATA] ASR Text Received {"text":"你好我是方旭","fullText":"你好我是方旭","pgs":"rpl","sn":6,"rg":[1,5],"isFinal":false}
[21:04:25] [INFO] ASR Text Update {"text":"你好我是方旭","isSubmitting":false}
[21:04:25] [INFO] Setting currentInput {"newValue":"你好我是方旭","previousInput":""}
[21:04:25] [INFO] Audio frames sent {"framesSent":2,"remainingBuffer":256}
[21:04:25] [INFO] Audio frames sent {"framesSent":1,"remainingBuffer":1024}
[21:04:25] [INFO] Audio frames sent {"framesSent":2,"remainingBuffer":512}
[21:04:25] [INFO] Audio frames sent {"framesSent":2,"remainingBuffer":0}
[21:04:25] [INFO] Audio frames sent {"framesSent":1,"remainingBuffer":768}
[21:04:25] [INFO] Audio frames sent {"framesSent":2,"remainingBuffer":256}
[21:04:25] [INFO] Audio frames sent {"framesSent":1,"remainingBuffer":1024}
[21:04:25] [INFO] Audio frames sent {"framesSent":2,"remainingBuffer":512}
[21:04:25] [DATA] ASR Text Received {"text":"你好我是方旭你","fullText":"你好我是方旭你","pgs":"rpl","sn":7,"rg":[1,6],"isFinal":false}
[21:04:25] [INFO] ASR Text Update {"text":"你好我是方旭你","isSubmitting":false}
[21:04:25] [INFO] Setting currentInput {"newValue":"你好我是方旭你","previousInput":""}
[21:04:25] [INFO] Audio processing {"samples":50,"maxLevel":"0.2815","bufferSize":512,"sampleRate":16000}
[21:04:26] [INFO] Audio frames sent {"framesSent":2,"remainingBuffer":0}
[21:04:26] [INFO] Audio frames sent {"framesSent":1,"remainingBuffer":768}
[21:04:26] [DATA] ASR Text Received {"text":"你好我是方旭你今天","fullText":"你好我是方旭你今天","pgs":"rpl","sn":8,"rg":[1,7],"isFinal":false}
[21:04:26] [INFO] ASR Text Update {"text":"你好我是方旭你今天","isSubmitting":false}
[21:04:26] [INFO] Setting currentInput {"newValue":"你好我是方旭你今天","previousInput":""}
[21:04:26] [INFO] Audio frames sent {"framesSent":2,"remainingBuffer":256}
[21:04:26] [INFO] Audio frames sent {"framesSent":1,"remainingBuffer":1024}
[21:04:26] [INFO] Audio frames sent {"framesSent":2,"remainingBuffer":512}
[21:04:26] [INFO] Audio frames sent {"framesSent":2,"remainingBuffer":0}
[21:04:26] [INFO] Audio frames sent {"framesSent":1,"remainingBuffer":768}
[21:04:26] [DATA] ASR Text Received {"text":"你好我是方旭你今天过得","fullText":"你好我是方旭你今天过得","pgs":"rpl","sn":9,"rg":[1,8],"isFinal":false}
[21:04:26] [INFO] ASR Text Update {"text":"你好我是方旭你今天过得","isSubmitting":false}
[21:04:26] [INFO] Setting currentInput {"newValue":"你好我是方旭你今天过得","previousInput":""}
[21:04:26] [INFO] Audio frames sent {"framesSent":2,"remainingBuffer":256}
[21:04:26] [INFO] Audio frames sent {"framesSent":1,"remainingBuffer":1024}
[21:04:26] [INFO] Audio frames sent {"framesSent":2,"remainingBuffer":512}
[21:04:26] [DATA] ASR Text Received {"text":"你好我是方旭你今天过得怎","fullText":"你好我是方旭你今天过得怎","pgs":"rpl","sn":10,"rg":[1,9],"isFinal":false}
[21:04:26] [INFO] ASR Text Update {"text":"你好我是方旭你今天过得怎","isSubmitting":false}
[21:04:26] [INFO] Setting currentInput {"newValue":"你好我是方旭你今天过得怎","previousInput":""}
[21:04:26] [INFO] Audio frames sent {"framesSent":2,"remainingBuffer":0}
[21:04:26] [INFO] Audio frames sent {"framesSent":1,"remainingBuffer":768}
[21:04:26] [DATA] ASR Text Received {"text":"你好我是方旭你今天过得怎么样","fullText":"你好我是方旭你今天过得怎么样","pgs":"rpl","sn":11,"rg":[1,10],"isFinal":false}
[21:04:26] [INFO] ASR Text Update {"text":"你好我是方旭你今天过得怎么样","isSubmitting":false}
[21:04:26] [INFO] Setting currentInput {"newValue":"你好我是方旭你今天过得怎么样","previousInput":""}
[21:04:26] [INFO] Audio frames sent {"framesSent":2,"remainingBuffer":256}
[21:04:26] [INFO] Audio frames sent {"framesSent":1,"remainingBuffer":1024}
[21:04:26] [INFO] Audio frames sent {"framesSent":2,"remainingBuffer":512}
[21:04:26] [INFO] Audio frames sent {"framesSent":2,"remainingBuffer":0}
[21:04:27] [INFO] Audio frames sent {"framesSent":1,"remainingBuffer":768}
[21:04:27] [INFO] Audio frames sent {"framesSent":2,"remainingBuffer":256}
[21:04:27] [INFO] Audio frames sent {"framesSent":1,"remainingBuffer":1024}
[21:04:27] [INFO] Audio frames sent {"framesSent":2,"remainingBuffer":512}
[21:04:27] [INFO] Audio frames sent {"framesSent":2,"remainingBuffer":0}
[21:04:27] [INFO] Audio frames sent {"framesSent":1,"remainingBuffer":768}
[21:04:27] [INFO] Audio frames sent {"framesSent":2,"remainingBuffer":256}
[21:04:27] [INFO] Audio frames sent {"framesSent":1,"remainingBuffer":1024}
[21:04:27] [INFO] Audio frames sent {"framesSent":2,"remainingBuffer":512}
[21:04:27] [INFO] Audio frames sent {"framesSent":2,"remainingBuffer":0}
[21:04:27] [INFO] Audio frames sent {"framesSent":1,"remainingBuffer":768}
[21:04:27] [INFO] Audio frames sent {"framesSent":2,"remainingBuffer":256}
[21:04:27] [INFO] Audio frames sent {"framesSent":1,"remainingBuffer":1024}
[21:04:27] [INFO] Audio frames sent {"framesSent":2,"remainingBuffer":512}
[21:04:27] [INFO] Audio frames sent {"framesSent":2,"remainingBuffer":0}
[21:04:27] [DATA] ASR Text Received {"text":"你好，我是方旭，你今天过的怎么样啊","fullText":"你好，我是方旭，你今天过的怎么样啊","pgs":"rpl","sn":12,"rg":[1,11],"isFinal":false}
[21:04:27] [INFO] ASR Text Update {"text":"你好，我是方旭，你今天过的怎么样啊","isSubmitting":false}
[21:04:27] [INFO] Setting currentInput {"newValue":"你好，我是方旭，你今天过的怎么样啊","previousInput":""}
[21:04:27] [INFO] Audio frames sent {"framesSent":1,"remainingBuffer":768}
[21:04:28] [INFO] Audio frames sent {"framesSent":2,"remainingBuffer":256}
[21:04:28] [INFO] Audio frames sent {"framesSent":1,"remainingBuffer":1024}
[21:04:28] [INFO] Audio frames sent {"framesSent":2,"remainingBuffer":512}
[21:04:28] [INFO] Audio frames sent {"framesSent":2,"remainingBuffer":0}
[21:04:28] [INFO] Audio frames sent {"framesSent":1,"remainingBuffer":768}
[21:04:28] [INFO] Audio frames sent {"framesSent":2,"remainingBuffer":256}
[21:04:28] [INFO] Audio frames sent {"framesSent":1,"remainingBuffer":1024}
[21:04:28] [INFO] Audio frames sent {"framesSent":2,"remainingBuffer":512}
[21:04:28] [INFO] Audio frames sent {"framesSent":2,"remainingBuffer":0}
[21:04:28] [INFO] Audio frames sent {"framesSent":1,"remainingBuffer":768}
[21:04:28] [INFO] Audio frames sent {"framesSent":2,"remainingBuffer":256}
[21:04:31] [INFO] ASR WebSocket Closed {"code":1005,"reason":""}
